<?xml version="1.0" encoding="UTF-8"?>
<!-- Generated by org.testng.reporters.JUnitReportReporter -->
<testsuite hostname="martinwang-PC" name="com.controller.TestDriverTestNG" tests="1" failures="0" timestamp="12 Apr 2016 03:40:06 GMT" time="88.869" errors="0">
  <testcase name="test" time="88.869" classname="com.controller.TestDriverTestNG"/>
</testsuite> <!-- com.controller.TestDriverTestNG -->
